<?xml version="1.0" encoding="UTF-8"?>
<!-- Generated by org.testng.reporters.JUnitReportReporter -->
<testsuite hostname="Lenovo-PC" name="testgit.SecondFileTest" tests="2" failures="0" timestamp="26 Mar 2023 07:32:24 GMT" time="0.013" errors="0">
  <testcase name="methodC" time="0.009" classname="testgit.SecondFileTest"/>
  <testcase name="methodD" time="0.004" classname="testgit.SecondFileTest"/>
</testsuite> <!-- testgit.SecondFileTest -->
