<?xml version="1.0" encoding="UTF-8"?>
<!-- Generated by org.testng.reporters.JUnitReportReporter -->
<testsuite skipped="0" hostname="Lenovo-PC" name="testgit.SecondFile" tests="2" failures="0" timestamp="2023-03-12T12:17:10 IST" time="0.011" errors="0">
  <testcase name="methodC" time="0.006" classname="testgit.SecondFile"/>
  <system-out/>
  <testcase name="methodD" time="0.005" classname="testgit.SecondFile"/>
  <system-out/>
</testsuite> <!-- testgit.SecondFile -->
