<?xml version="1.0" encoding="UTF-8"?>
<!-- Generated by org.testng.reporters.JUnitReportReporter -->
<testsuite hostname="Lenovo-PC" name="testgit.FirstFileTest" tests="2" failures="0" timestamp="26 Mar 2023 06:56:39 GMT" time="0.062" errors="0">
  <testcase name="methodB" time="0.005" classname="testgit.FirstFileTest"/>
  <testcase name="methodA" time="0.057" classname="testgit.FirstFileTest"/>
</testsuite> <!-- testgit.FirstFileTest -->
