<?xml version="1.0" encoding="UTF-8"?>
<!-- Generated by org.testng.reporters.JUnitReportReporter -->
<testsuite skipped="0" hostname="Lenovo-PC" name="testgit.SecondFile" tests="2" failures="0" timestamp="2023-03-26T11:43:20 IST" time="0.010" errors="0">
  <testcase name="methodC" time="0.003" classname="testgit.SecondFile"/>
  <system-out/>
  <testcase name="methodD" time="0.007" classname="testgit.SecondFile"/>
  <system-out/>
</testsuite> <!-- testgit.SecondFile -->
