<?xml version="1.0" encoding="UTF-8"?>
<!-- Generated by org.testng.reporters.JUnitReportReporter -->
<testsuite skipped="0" hostname="Lenovo-PC" name="testgit.FirstFile" tests="2" failures="0" timestamp="2023-03-26T11:43:20 IST" time="0.046" errors="0">
  <testcase name="methodB" time="0.007" classname="testgit.FirstFile"/>
  <system-out/>
  <testcase name="methodA" time="0.039" classname="testgit.FirstFile"/>
  <system-out/>
</testsuite> <!-- testgit.FirstFile -->
