<?xml version="1.0" encoding="UTF-8"?>
<!-- Generated by org.testng.reporters.JUnitReportReporter -->
<testsuite skipped="0" hostname="Lenovo-PC" name="testgit.FirstFile" tests="2" failures="0" timestamp="2023-03-12T12:17:10 IST" time="0.049" errors="0">
  <testcase name="methodA" time="0.041" classname="testgit.FirstFile"/>
  <system-out/>
  <testcase name="methodB" time="0.008" classname="testgit.FirstFile"/>
  <system-out/>
</testsuite> <!-- testgit.FirstFile -->
